[2018-06-10 12:30:22.627] [exthost1] [info] extension host started
[2018-06-10 12:30:22.647] [exthost1] [info] ExtensionService#_doActivateExtension vscode.emmet {"startup":true,"activationEvent":"*"}
[2018-06-10 12:30:22.648] [exthost1] [info] ExtensionService#loadCommonJSModule /usr/share/code/resources/app/extensions/emmet/out/extension
[2018-06-10 12:30:22.692] [exthost1] [info] ExtensionService#_doActivateExtension vscode.git {"startup":true,"activationEvent":"*"}
[2018-06-10 12:30:22.692] [exthost1] [info] ExtensionService#loadCommonJSModule /usr/share/code/resources/app/extensions/git/out/main
[2018-06-10 12:30:22.798] [exthost1] [info] ExtensionService#_doActivateExtension vscode.merge-conflict {"startup":true,"activationEvent":"*"}
[2018-06-10 12:30:22.798] [exthost1] [info] ExtensionService#loadCommonJSModule /usr/share/code/resources/app/extensions/merge-conflict/out/extension
[2018-06-10 12:30:22.805] [exthost1] [info] ExtensionService#_doActivateExtension vscode.search-rg {"startup":true,"activationEvent":"*"}
[2018-06-10 12:30:22.805] [exthost1] [info] ExtensionService#loadCommonJSModule /usr/share/code/resources/app/extensions/search-rg/out/extension
[2018-06-10 12:30:22.808] [exthost1] [info] ExtensionService#_doActivateExtension CoenraadS.bracket-pair-colorizer {"startup":true,"activationEvent":"*"}
[2018-06-10 12:30:22.808] [exthost1] [info] ExtensionService#loadCommonJSModule /home/karolis/.vscode/extensions/CoenraadS.bracket-pair-colorizer-1.0.58/out/src/extension
[2018-06-10 12:30:22.816] [exthost1] [info] ExtensionService#_doActivateExtension PKief.material-icon-theme {"startup":true,"activationEvent":"*"}
[2018-06-10 12:30:22.816] [exthost1] [info] ExtensionService#loadCommonJSModule /home/karolis/.vscode/extensions/PKief.material-icon-theme-3.5.0/out/src/extension
[2018-06-10 12:30:22.839] [exthost1] [info] ExtensionService#_doActivateExtension christian-kohler.path-intellisense {"startup":true,"activationEvent":"*"}
[2018-06-10 12:30:22.839] [exthost1] [info] ExtensionService#loadCommonJSModule /home/karolis/.vscode/extensions/christian-kohler.path-intellisense-1.4.2/out/src/extension
[2018-06-10 12:30:22.848] [exthost1] [info] ExtensionService#_doActivateExtension dbaeumer.vscode-eslint {"startup":true,"activationEvent":"*"}
[2018-06-10 12:30:22.848] [exthost1] [info] ExtensionService#loadCommonJSModule /home/karolis/.vscode/extensions/dbaeumer.vscode-eslint-1.4.12/client/out/extension
[2018-06-10 12:30:22.883] [exthost1] [info] ExtensionService#_doActivateExtension esbenp.prettier-vscode {"startup":true,"activationEvent":"*"}
[2018-06-10 12:30:22.883] [exthost1] [info] ExtensionService#loadCommonJSModule /home/karolis/.vscode/extensions/esbenp.prettier-vscode-1.5.0/out/src/extension
[2018-06-10 12:30:22.992] [exthost1] [info] ExtensionService#_doActivateExtension formulahendry.auto-rename-tag {"startup":true,"activationEvent":"*"}
[2018-06-10 12:30:22.992] [exthost1] [info] ExtensionService#loadCommonJSModule /home/karolis/.vscode/extensions/formulahendry.auto-rename-tag-0.0.15/out/src/extension
[2018-06-10 12:30:22.994] [exthost1] [info] ExtensionService#_doActivateExtension naumovs.color-highlight {"startup":true,"activationEvent":"*"}
[2018-06-10 12:30:22.994] [exthost1] [info] ExtensionService#loadCommonJSModule /home/karolis/.vscode/extensions/naumovs.color-highlight-2.3.0/dist/extension
[2018-06-10 12:30:23.018] [exthost1] [info] eager extensions activated
