[2018-06-10 11:12:01.433] [exthost1] [info] extension host started
[2018-06-10 11:12:01.455] [exthost1] [info] ExtensionService#_doActivateExtension vscode.emmet {"startup":true,"activationEvent":"*"}
[2018-06-10 11:12:01.455] [exthost1] [info] ExtensionService#loadCommonJSModule /usr/share/code/resources/app/extensions/emmet/out/extension
[2018-06-10 11:12:01.503] [exthost1] [info] ExtensionService#_doActivateExtension vscode.git {"startup":true,"activationEvent":"*"}
[2018-06-10 11:12:01.503] [exthost1] [info] ExtensionService#loadCommonJSModule /usr/share/code/resources/app/extensions/git/out/main
[2018-06-10 11:12:01.610] [exthost1] [info] ExtensionService#_doActivateExtension vscode.merge-conflict {"startup":true,"activationEvent":"*"}
[2018-06-10 11:12:01.610] [exthost1] [info] ExtensionService#loadCommonJSModule /usr/share/code/resources/app/extensions/merge-conflict/out/extension
[2018-06-10 11:12:01.617] [exthost1] [info] ExtensionService#_doActivateExtension vscode.search-rg {"startup":true,"activationEvent":"*"}
[2018-06-10 11:12:01.617] [exthost1] [info] ExtensionService#loadCommonJSModule /usr/share/code/resources/app/extensions/search-rg/out/extension
[2018-06-10 11:12:01.620] [exthost1] [info] ExtensionService#_doActivateExtension CoenraadS.bracket-pair-colorizer {"startup":true,"activationEvent":"*"}
[2018-06-10 11:12:01.620] [exthost1] [info] ExtensionService#loadCommonJSModule /home/karolis/.vscode/extensions/CoenraadS.bracket-pair-colorizer-1.0.58/out/src/extension
[2018-06-10 11:12:01.629] [exthost1] [info] ExtensionService#_doActivateExtension PKief.material-icon-theme {"startup":true,"activationEvent":"*"}
[2018-06-10 11:12:01.629] [exthost1] [info] ExtensionService#loadCommonJSModule /home/karolis/.vscode/extensions/PKief.material-icon-theme-3.5.0/out/src/extension
[2018-06-10 11:12:01.651] [exthost1] [info] ExtensionService#_doActivateExtension christian-kohler.path-intellisense {"startup":true,"activationEvent":"*"}
[2018-06-10 11:12:01.651] [exthost1] [info] ExtensionService#loadCommonJSModule /home/karolis/.vscode/extensions/christian-kohler.path-intellisense-1.4.2/out/src/extension
[2018-06-10 11:12:01.660] [exthost1] [info] ExtensionService#_doActivateExtension dbaeumer.vscode-eslint {"startup":true,"activationEvent":"*"}
[2018-06-10 11:12:01.660] [exthost1] [info] ExtensionService#loadCommonJSModule /home/karolis/.vscode/extensions/dbaeumer.vscode-eslint-1.4.12/client/out/extension
[2018-06-10 11:12:01.695] [exthost1] [info] ExtensionService#_doActivateExtension esbenp.prettier-vscode {"startup":true,"activationEvent":"*"}
[2018-06-10 11:12:01.695] [exthost1] [info] ExtensionService#loadCommonJSModule /home/karolis/.vscode/extensions/esbenp.prettier-vscode-1.5.0/out/src/extension
[2018-06-10 11:12:01.805] [exthost1] [info] ExtensionService#_doActivateExtension formulahendry.auto-rename-tag {"startup":true,"activationEvent":"*"}
[2018-06-10 11:12:01.805] [exthost1] [info] ExtensionService#loadCommonJSModule /home/karolis/.vscode/extensions/formulahendry.auto-rename-tag-0.0.15/out/src/extension
[2018-06-10 11:12:01.808] [exthost1] [info] ExtensionService#_doActivateExtension naumovs.color-highlight {"startup":true,"activationEvent":"*"}
[2018-06-10 11:12:01.808] [exthost1] [info] ExtensionService#loadCommonJSModule /home/karolis/.vscode/extensions/naumovs.color-highlight-2.3.0/dist/extension
[2018-06-10 11:12:01.832] [exthost1] [info] eager extensions activated
